<?xml version="1.0" encoding="UTF-8"?>
<testsuite name="demo.FundTransferTest" tests="1" skipped="0" failures="0" errors="0" timestamp="2021-08-07T01:44:14" hostname="DESKTOP-6RB8L9H" time="21.649">
  <properties/>
  <testcase name="makeFoundTransfer" classname="demo.FundTransferTest" time="21.649"/>
  <system-out><![CDATA[]]></system-out>
  <system-err><![CDATA[Starting ChromeDriver 92.0.4515.43 (8c61b7e2989f2990d42f859cac71319137787cce-refs/branch-heads/4515@{#306}) on port 7342
Only local connections are allowed.
Please see https://chromedriver.chromium.org/security-considerations for suggestions on keeping ChromeDriver safe.
ChromeDriver was started successfully.
ago 06, 2021 8:44:18 PM org.openqa.selenium.remote.ProtocolHandshake createSession
INFORMACIÓN: Detected dialect: W3C
]]></system-err>
</testsuite>
